<?xml version="1.0" encoding="UTF-8" ?>
<testsuite tests="1" failures="0" name="RegisterBrokerTest" time="0.001" errors="1" skipped="0">
  <properties>
[...]
</properties>
  <testcase classname="RegisterBrokerTest" name="initializationError" time="0">
    <error message="No runnable methods" type="java.lang.Exception">java.lang.Exception: No runnable methods
	at org.junit.runners.BlockJUnit4ClassRunner.validateInstanceMethods(BlockJUnit4ClassRunner.java:169)
	at org.junit.runners.BlockJUnit4ClassRunner.collectInitializationErrors(BlockJUnit4ClassRunner.java:104)
	at org.junit.runners.ParentRunner.validate(ParentRunner.java:355)
	at org.junit.runners.ParentRunner.&lt;init&gt;(ParentRunner.java:76)
	at org.junit.runners.BlockJUnit4ClassRunner.&lt;init&gt;(BlockJUnit4ClassRunner.java:57)
	at org.junit.internal.builders.JUnit4Builder.runnerForClass(JUnit4Builder.java:10)
	at org.junit.runners.model.RunnerBuilder.safeRunnerForClass(RunnerBuilder.java:59)
	at org.junit.internal.builders.AllDefaultPossibilitiesBuilder.runnerForClass(AllDefaultPossibilitiesBuilder.java:26)
	at org.junit.runners.model.RunnerBuilder.safeRunnerForClass(RunnerBuilder.java:59)
	at org.junit.internal.requests.ClassRequest.getRunner(ClassRequest.java:26)
	at org.apache.maven.surefire.junit4.JUnit4TestSet.&lt;init&gt;(JUnit4TestSet.java:45)
	at org.apache.maven.surefire.junit4.JUnit4DirectoryTestSuite.createTestSet(JUnit4DirectoryTestSuite.java:56)
	at org.apache.maven.surefire.suite.AbstractDirectoryTestSuite.locateTestSets(AbstractDirectoryTestSuite.java:96)
	at org.apache.maven.surefire.Surefire.createSuiteFromDefinition(Surefire.java:209)
	at org.apache.maven.surefire.Surefire.run(Surefire.java:156)
	at sun.reflect.NativeMethodAccessorImpl.invoke0(Native Method)
	at sun.reflect.NativeMethodAccessorImpl.invoke(NativeMethodAccessorImpl.java:62)
	at sun.reflect.DelegatingMethodAccessorImpl.invoke(DelegatingMethodAccessorImpl.java:43)
	at java.lang.reflect.Method.invoke(Method.java:498)
	at org.apache.maven.surefire.booter.SurefireBooter.runSuitesInProcess(SurefireBooter.java:345)
	at org.apache.maven.surefire.booter.SurefireBooter.main(SurefireBooter.java:1009)
</error>
  </testcase>
</testsuite>