# JRE version: Java(TM) SE Runtime Environment (8.0_144-b01) (build 1.8.0_144-b01)
# Java VM: Java HotSpot(TM) 64-Bit Server VM (25.144-b01 mixed mode windows-amd64 compressed oops)
Heap:
 PSYoungGen      total 67072K, used 26689K [0x000000076b600000, 0x0000000770380000, 0x00000007c0000000)
  eden space 57856K, 45% used [0x000000076b600000,0x000000076cfd0748,0x000000076ee80000)
  from space 9216K, 2% used [0x000000076fa80000,0x000000076fac0000,0x0000000770380000)
  to   space 10752K, 0% used [0x000000076ee80000,0x000000076ee80000,0x000000076f900000)
 ParOldGen       total 70656K, used 5390K [0x00000006c2200000, 0x00000006c6700000, 0x000000076b600000)
  object space 70656K, 7% used [0x00000006c2200000,0x00000006c2743890,0x00000006c6700000)
 Metaspace       used 21358K, capacity 21690K, committed 22064K, reserved 1069056K
  class space    used 2261K, capacity 2347K, committed 2432K, reserved 1048576K
GC Heap History (10 events):
Event: 28831.189 GC heap before
{Heap before GC invocations=7 (full 1):
 PSYoungGen      total 74240K, used 63584K [0x000000076b600000, 0x0000000770c00000, 0x00000007c0000000)
  eden space 63488K, 100% used [0x000000076b600000,0x000000076f400000,0x000000076f400000)
  from space 10752K, 0% used [0x000000076f580000,0x000000076f598000,0x0000000770000000)
  to   space 12288K, 0% used [0x0000000770000000,0x0000000770000000,0x0000000770c00000)
 ParOldGen       total 70656K, used 5178K [0x00000006c2200000, 0x00000006c6700000, 0x000000076b600000)
  object space 70656K, 7% used [0x00000006c2200000,0x00000006c270e880,0x00000006c6700000)
 Metaspace       used 21344K, capacity 21626K, committed 22064K, reserved 1069056K
  class space    used 2261K, capacity 2347K, committed 2432K, reserved 1048576K
Event: 28831.207 GC heap after
Heap after GC invocations=7 (full 1):
 PSYoungGen      total 72704K, used 256K [0x000000076b600000, 0x0000000770a80000, 0x00000007c0000000)
  eden space 61952K, 0% used [0x000000076b600000,0x000000076b600000,0x000000076f280000)
  from space 10752K, 2% used [0x0000000770000000,0x0000000770040000,0x0000000770a80000)
  to   space 12288K, 0% used [0x000000076f280000,0x000000076f280000,0x000000076fe80000)
 ParOldGen       total 70656K, used 5186K [0x00000006c2200000, 0x00000006c6700000, 0x000000076b600000)
  object space 70656K, 7% used [0x00000006c2200000,0x00000006c2710880,0x00000006c6700000)
 Metaspace       used 21344K, capacity 21626K, committed 22064K, reserved 1069056K
  class space    used 2261K, capacity 2347K, committed 2432K, reserved 1048576K
}
Event: 37531.101 GC heap before
{Heap before GC invocations=8 (full 1):
 PSYoungGen      total 72704K, used 62208K [0x000000076b600000, 0x0000000770a80000, 0x00000007c0000000)
  eden space 61952K, 100% used [0x000000076b600000,0x000000076f280000,0x000000076f280000)
  from space 10752K, 2% used [0x0000000770000000,0x0000000770040000,0x0000000770a80000)
  to   space 12288K, 0% used [0x000000076f280000,0x000000076f280000,0x000000076fe80000)
 ParOldGen       total 70656K, used 5186K [0x00000006c2200000, 0x00000006c6700000, 0x000000076b600000)
  object space 70656K, 7% used [0x00000006c2200000,0x00000006c2710880,0x00000006c6700000)
 Metaspace       used 21354K, capacity 21626K, committed 22064K, reserved 1069056K
  class space    used 2261K, capacity 2347K, committed 2432K, reserved 1048576K
Event: 37531.103 GC heap after
Heap after GC invocations=8 (full 1):
 PSYoungGen      total 61440K, used 288K [0x000000076b600000, 0x0000000770880000, 0x00000007c0000000)
  eden space 60928K, 0% used [0x000000076b600000,0x000000076b600000,0x000000076f180000)
  from space 512K, 56% used [0x000000076f280000,0x000000076f2c8000,0x000000076f300000)
  to   space 11776K, 0% used [0x000000076fd00000,0x000000076fd00000,0x0000000770880000)
 ParOldGen       total 70656K, used 5186K [0x00000006c2200000, 0x00000006c6700000, 0x000000076b600000)
  object space 70656K, 7% used [0x00000006c2200000,0x00000006c2710880,0x00000006c6700000)
 Metaspace       used 21354K, capacity 21626K, committed 22064K, reserved 1069056K
  class space    used 2261K, capacity 2347K, committed 2432K, reserved 1048576K
}
Event: 46111.101 GC heap before
{Heap before GC invocations=9 (full 1):
 PSYoungGen      total 61440K, used 61216K [0x000000076b600000, 0x0000000770880000, 0x00000007c0000000)
  eden space 60928K, 100% used [0x000000076b600000,0x000000076f180000,0x000000076f180000)
  from space 512K, 56% used [0x000000076f280000,0x000000076f2c8000,0x000000076f300000)
  to   space 11776K, 0% used [0x000000076fd00000,0x000000076fd00000,0x0000000770880000)
 ParOldGen       total 70656K, used 5186K [0x00000006c2200000, 0x00000006c6700000, 0x000000076b600000)
  object space 70656K, 7% used [0x00000006c2200000,0x00000006c2710880,0x00000006c6700000)
 Metaspace       used 21354K, capacity 21626K, committed 22064K, reserved 1069056K
  class space    used 2261K, capacity 2347K, committed 2432K, reserved 1048576K
Event: 46111.102 GC heap after
Heap after GC invocations=9 (full 1):
 PSYoungGen      total 69632K, used 256K [0x000000076b600000, 0x0000000770680000, 0x00000007c0000000)
  eden space 59904K, 0% used [0x000000076b600000,0x000000076b600000,0x000000076f080000)
  from space 9728K, 2% used [0x000000076fd00000,0x000000076fd40000,0x0000000770680000)
  to   space 11264K, 0% used [0x000000076f080000,0x000000076f080000,0x000000076fb80000)
 ParOldGen       total 70656K, used 5262K [0x00000006c2200000, 0x00000006c6700000, 0x000000076b600000)
  object space 70656K, 7% used [0x00000006c2200000,0x00000006c2723890,0x00000006c6700000)
 Metaspace       used 21354K, capacity 21626K, committed 22064K, reserved 1069056K
  class space    used 2261K, capacity 2347K, committed 2432K, reserved 1048576K
}
Event: 54544.747 GC heap before
{Heap before GC invocations=10 (full 1):
 PSYoungGen      total 69632K, used 60160K [0x000000076b600000, 0x0000000770680000, 0x00000007c0000000)
  eden space 59904K, 100% used [0x000000076b600000,0x000000076f080000,0x000000076f080000)
  from space 9728K, 2% used [0x000000076fd00000,0x000000076fd40000,0x0000000770680000)
  to   space 11264K, 0% used [0x000000076f080000,0x000000076f080000,0x000000076fb80000)
 ParOldGen       total 70656K, used 5262K [0x00000006c2200000, 0x00000006c6700000, 0x000000076b600000)
  object space 70656K, 7% used [0x00000006c2200000,0x00000006c2723890,0x00000006c6700000)
 Metaspace       used 21354K, capacity 21626K, committed 22064K, reserved 1069056K
  class space    used 2261K, capacity 2347K, committed 2432K, reserved 1048576K
Event: 54544.750 GC heap after
Heap after GC invocations=10 (full 1):
 PSYoungGen      total 59392K, used 256K [0x000000076b600000, 0x0000000770580000, 0x00000007c0000000)
  eden space 58880K, 0% used [0x000000076b600000,0x000000076b600000,0x000000076ef80000)
  from space 512K, 50% used [0x000000076f080000,0x000000076f0c0000,0x000000076f100000)
  to   space 11264K, 0% used [0x000000076fa80000,0x000000076fa80000,0x0000000770580000)
 ParOldGen       total 70656K, used 5342K [0x00000006c2200000, 0x00000006c6700000, 0x000000076b600000)
  object space 70656K, 7% used [0x00000006c2200000,0x00000006c2737890,0x00000006c6700000)
 Metaspace       used 21354K, capacity 21626K, committed 22064K, reserved 1069056K
  class space    used 2261K, capacity 2347K, committed 2432K, reserved 1048576K
}
Event: 62884.745 GC heap before
{Heap before GC invocations=11 (full 1):
 PSYoungGen      total 59392K, used 59136K [0x000000076b600000, 0x0000000770580000, 0x00000007c0000000)
  eden space 58880K, 100% used [0x000000076b600000,0x000000076ef80000,0x000000076ef80000)
  from space 512K, 50% used [0x000000076f080000,0x000000076f0c0000,0x000000076f100000)
  to   space 11264K, 0% used [0x000000076fa80000,0x000000076fa80000,0x0000000770580000)
 ParOldGen       total 70656K, used 5342K [0x00000006c2200000, 0x00000006c6700000, 0x000000076b600000)
  object space 70656K, 7% used [0x00000006c2200000,0x00000006c2737890,0x00000006c6700000)
 Metaspace       used 21358K, capacity 21690K, committed 22064K, reserved 1069056K
  class space    used 2261K, capacity 2347K, committed 2432K, reserved 1048576K
Event: 62884.748 GC heap after
Heap after GC invocations=11 (full 1):
 PSYoungGen      total 67072K, used 256K [0x000000076b600000, 0x0000000770380000, 0x00000007c0000000)
  eden space 57856K, 0% used [0x000000076b600000,0x000000076b600000,0x000000076ee80000)
  from space 9216K, 2% used [0x000000076fa80000,0x000000076fac0000,0x0000000770380000)
  to   space 10752K, 0% used [0x000000076ee80000,0x000000076ee80000,0x000000076f900000)
 ParOldGen       total 70656K, used 5390K [0x00000006c2200000, 0x00000006c6700000, 0x000000076b600000)
  object space 70656K, 7% used [0x00000006c2200000,0x00000006c2743890,0x00000006c6700000)
 Metaspace       used 21358K, capacity 21690K, committed 22064K, reserved 1069056K
  class space    used 2261K, capacity 2347K, committed 2432K, reserved 1048576K
}

